-------------------------------------------------------------------------------
      name:  <unnamed>
       log:  C:\Users\William Li\Documents\Uni Marburg 2.0\WS18 Macroeconomics\
> Tutorial\Assignment 2\Assignment 2 ex 2.smcl
  log type:  smcl
 opened on:   6 Jan 2019, 23:16:40

. 
end of do-file

. do "C:\Users\WILLIA~1\AppData\Local\Temp\STD00000000.tmp"

. 
. //***use assignment_ifm.dta, clear***
. ***we couldn't open the above file directly from STATA,
. ***so we used R studio to open the file and copy and paste onto 1)ms excel th
> en 2) STATA 
. 
. //2a
. gen time2=tq(1973q1)+_n-1

. format time2 %tq

. tsset time2, quarterly
        time variable:  time2, 1973q1 to 2006q4
                delta:  1 quarter

. //2b
. tsline s l1.f

. //test the unbiasedness Hypothesis//
. reg s l1.f 

      Source |       SS       df       MS              Number of obs =     135
-------------+------------------------------           F(  1,   133) = 3318.99
       Model |   3.1785182     1   3.1785182           Prob > F      =  0.0000
    Residual |  .127371089   133  .000957677           R-squared     =  0.9615
-------------+------------------------------           Adj R-squared =  0.9612
       Total |  3.30588929   134  .024670816           Root MSE      =  .03095

------------------------------------------------------------------------------
           s |      Coef.   Std. Err.      t    P>|t|     [95% Conf. Interval]
-------------+----------------------------------------------------------------
           f |
         L1. |   .9837288   .0170755    57.61   0.000     .9499542    1.017503
             |
       _cons |   .0121465   .0095768     1.27   0.207    -.0067959     .031089
------------------------------------------------------------------------------

. reg s l1.f i_us i_uk infl_us infl_uk

      Source |       SS       df       MS              Number of obs =     135
-------------+------------------------------           F(  5,   129) =  807.48
       Model |  3.20353266     5  .640706533           Prob > F      =  0.0000
    Residual |   .10235663   129  .000793462           R-squared     =  0.9690
-------------+------------------------------           Adj R-squared =  0.9678
       Total |  3.30588929   134  .024670816           Root MSE      =  .02817

------------------------------------------------------------------------------
           s |      Coef.   Std. Err.      t    P>|t|     [95% Conf. Interval]
-------------+----------------------------------------------------------------
           f |
         L1. |   .9407016   .0254366    36.98   0.000     .8903748    .9910285
             |
        i_us |  -.0082065   .0015371    -5.34   0.000    -.0112478   -.0051652
        i_uk |   .0047159   .0012882     3.66   0.000      .002167    .0072647
     infl_us |   .0057949   .0021562     2.69   0.008     .0015287    .0100611
     infl_uk |  -.0009764   .0008036    -1.22   0.227    -.0025663    .0006135
       _cons |   .0235906   .0129368     1.82   0.071    -.0020052    .0491865
------------------------------------------------------------------------------

. test _cons=0 

 ( 1)  _cons = 0

       F(  1,   129) =    3.33
            Prob > F =    0.0705

. test l1.f=1

 ( 1)  L.f = 1

       F(  1,   129) =    5.43
            Prob > F =    0.0213

. test (_cons = 0)(l1.f = 1)

 ( 1)  _cons = 0
 ( 2)  L.f = 1

       F(  2,   129) =    2.76
            Prob > F =    0.0670

. estat bgodfrey, lags(4) 

Breusch-Godfrey LM test for autocorrelation
---------------------------------------------------------------------------
    lags(p)  |          chi2               df                 Prob > chi2
-------------+-------------------------------------------------------------
       4     |          2.661               4                   0.6161
---------------------------------------------------------------------------
                        H0: no serial correlation

. //2c
. gen s_l=log(s)

. reg s_l

      Source |       SS       df       MS              Number of obs =     136
-------------+------------------------------           F(  0,   135) =    0.00
       Model |           0     0           .           Prob > F      =       .
    Residual |   13.437073   135  .099533874           R-squared     =  0.0000
-------------+------------------------------           Adj R-squared =  0.0000
       Total |   13.437073   135  .099533874           Root MSE      =  .31549

------------------------------------------------------------------------------
         s_l |      Coef.   Std. Err.      t    P>|t|     [95% Conf. Interval]
-------------+----------------------------------------------------------------
       _cons |  -.6531772    .027053   -24.14   0.000    -.7066797   -.5996746
------------------------------------------------------------------------------

. //alternatively//
. dfuller s, lag(4) trend regress

Augmented Dickey-Fuller test for unit root         Number of obs   =       131

                               ---------- Interpolated Dickey-Fuller ---------
                  Test         1% Critical       5% Critical      10% Critical
               Statistic           Value             Value             Value
------------------------------------------------------------------------------
 Z(t)             -2.500            -4.030            -3.446            -3.146
------------------------------------------------------------------------------
MacKinnon approximate p-value for Z(t) = 0.3280

------------------------------------------------------------------------------
D.s          |      Coef.   Std. Err.      t    P>|t|     [95% Conf. Interval]
-------------+----------------------------------------------------------------
           s |
         L1. |  -.0786003   .0314406    -2.50   0.014    -.1408301   -.0163706
         LD. |   .2471596   .0882418     2.80   0.006     .0725043    .4218148
        L2D. |  -.0174137   .0908429    -0.19   0.848    -.1972172    .1623898
        L3D. |   .0909026   .0903998     1.01   0.317    -.0880239     .269829
        L4D. |   .0470945   .0892157     0.53   0.599    -.1294884    .2236775
      _trend |  -.0000396   .0001221    -0.32   0.746    -.0002812     .000202
       _cons |   .0441305   .0227587     1.94   0.055    -.0009153    .0891763
------------------------------------------------------------------------------

. //2d
. gen diffs = f.s-s 
(1 missing value generated)

. gen diffs1 = s-L1.s
(1 missing value generated)

. gen diffs2 = d.s
(1 missing value generated)

. gen diffr = i_us - i_uk

. reg diffs diffr

      Source |       SS       df       MS              Number of obs =     135
-------------+------------------------------           F(  1,   133) =    5.09
       Model |   .01055828     1   .01055828           Prob > F      =  0.0258
    Residual |  .276110161   133  .002076016           R-squared     =  0.0368
-------------+------------------------------           Adj R-squared =  0.0296
       Total |  .286668441   134  .002139317           Root MSE      =  .04556

------------------------------------------------------------------------------
       diffs |      Coef.   Std. Err.      t    P>|t|     [95% Conf. Interval]
-------------+----------------------------------------------------------------
       diffr |  -.0040889   .0018131    -2.26   0.026    -.0076751   -.0005026
       _cons |  -.0117984   .0059454    -1.98   0.049    -.0235582   -.0000386
------------------------------------------------------------------------------

. 
. test _cons=0

 ( 1)  _cons = 0

       F(  1,   133) =    3.94
            Prob > F =    0.0493

. test diffr=1

 ( 1)  diffr = 1

       F(  1,   133) = 3.1e+05
            Prob > F =    0.0000

. test (_cons=0)(diffr=1)

 ( 1)  _cons = 0
 ( 2)  diffr = 1

       F(  2,   133) = 3.5e+05
            Prob > F =    0.0000

. estat bgodfrey, lags(4) 

Breusch-Godfrey LM test for autocorrelation
---------------------------------------------------------------------------
    lags(p)  |          chi2               df                 Prob > chi2
-------------+-------------------------------------------------------------
       4     |          7.415               4                   0.1155
---------------------------------------------------------------------------
                        H0: no serial correlation

. 
end of do-file

. do "C:\Users\WILLIA~1\AppData\Local\Temp\STD00000000.tmp"

. cap log close
